[2020-11-06T17:07:27.649] [ERROR] errorLogger - 
*************** error log start ***************
request method: GET
request originalUrl:  /api/server/findAll?gameName=KOG%E6%B5%8B%E8%AF%95&channelNum=9991&platform=1
request client ip:  ::1
request query:  {"gameName":"KOG测试","channelNum":"9991","platform":"1"}
response time: 1604653647647
err name: undefined
err message: 缺少参数
err stack: undefined
*************** error log end ***************

[2020-11-06T17:08:31.652] [ERROR] errorLogger - 
*************** error log start ***************
request method: GET
request originalUrl:  /api/server/findAll?gameName=KOG%E6%B5%8B%E8%AF%95&channelNum=9991&platform=1
request client ip:  ::1
request query:  {"gameName":"KOG测试","channelNum":"9991","platform":"1"}
response time: 1604653711651
err name: undefined
err message: 缺少参数
err stack: undefined
*************** error log end ***************

