[2020-09-16T11:27:18.744] [ERROR] errorLogger - 
*************** error log start ***************
request method: GET
request originalUrl:  /api/client/findAll?channel=%E5%B0%8F%E7%B1%B3&plaform=2
request client ip:  ::ffff:127.0.0.1
request query:  {"channel":"小米","plaform":"2"}
response time: 1600226838743
err name: SequelizeDatabaseError
err message: invalid input syntax for type json
err stack: SequelizeDatabaseError: invalid input syntax for type json
    at Query.formatError (H:\fancy-gm-cp\node_modules\sequelize\lib\dialects\postgres\query.js:366:16)
    at H:\fancy-gm-cp\node_modules\sequelize\lib\dialects\postgres\query.js:72:18
    at tryCatcher (H:\fancy-gm-cp\node_modules\bluebird\js\release\util.js:16:23)
    at Promise._settlePromiseFromHandler (H:\fancy-gm-cp\node_modules\bluebird\js\release\promise.js:547:31)
    at Promise._settlePromise (H:\fancy-gm-cp\node_modules\bluebird\js\release\promise.js:604:18)
    at Promise._settlePromise0 (H:\fancy-gm-cp\node_modules\bluebird\js\release\promise.js:649:10)
    at Promise._settlePromises (H:\fancy-gm-cp\node_modules\bluebird\js\release\promise.js:725:18)
    at _drainQueueStep (H:\fancy-gm-cp\node_modules\bluebird\js\release\async.js:93:12)
    at _drainQueue (H:\fancy-gm-cp\node_modules\bluebird\js\release\async.js:86:9)
    at Async._drainQueues (H:\fancy-gm-cp\node_modules\bluebird\js\release\async.js:102:5)
    at Immediate.Async.drainQueues [as _onImmediate] (H:\fancy-gm-cp\node_modules\bluebird\js\release\async.js:15:14)
    at processImmediate (internal/timers.js:456:21)
*************** error log end ***************

[2020-09-16T11:27:29.543] [ERROR] errorLogger - 
*************** error log start ***************
request method: GET
request originalUrl:  /api/client/findAll?channel=%E5%B0%8F%E7%B1%B3&plaform=2&versionId=12
request client ip:  ::ffff:127.0.0.1
request query:  {"channel":"小米","plaform":"2","versionId":"12"}
response time: 1600226849542
err name: SequelizeDatabaseError
err message: invalid input syntax for type json
err stack: SequelizeDatabaseError: invalid input syntax for type json
    at Query.formatError (H:\fancy-gm-cp\node_modules\sequelize\lib\dialects\postgres\query.js:366:16)
    at H:\fancy-gm-cp\node_modules\sequelize\lib\dialects\postgres\query.js:72:18
    at tryCatcher (H:\fancy-gm-cp\node_modules\bluebird\js\release\util.js:16:23)
    at Promise._settlePromiseFromHandler (H:\fancy-gm-cp\node_modules\bluebird\js\release\promise.js:547:31)
    at Promise._settlePromise (H:\fancy-gm-cp\node_modules\bluebird\js\release\promise.js:604:18)
    at Promise._settlePromise0 (H:\fancy-gm-cp\node_modules\bluebird\js\release\promise.js:649:10)
    at Promise._settlePromises (H:\fancy-gm-cp\node_modules\bluebird\js\release\promise.js:725:18)
    at _drainQueueStep (H:\fancy-gm-cp\node_modules\bluebird\js\release\async.js:93:12)
    at _drainQueue (H:\fancy-gm-cp\node_modules\bluebird\js\release\async.js:86:9)
    at Async._drainQueues (H:\fancy-gm-cp\node_modules\bluebird\js\release\async.js:102:5)
    at Immediate.Async.drainQueues [as _onImmediate] (H:\fancy-gm-cp\node_modules\bluebird\js\release\async.js:15:14)
    at processImmediate (internal/timers.js:456:21)
*************** error log end ***************

