[2020-11-03T15:27:20.338] [ERROR] errorLogger - 
*************** error log start ***************
request method: GET
request originalUrl:  /api/server/findAll
request client ip:  ::1
request query:  {}
response time: 1604388440337
err name: SequelizeDatabaseError
err message: invalid input syntax for type integer: "undefined"
err stack: SequelizeDatabaseError: invalid input syntax for type integer: "undefined"
    at Query.formatError (H:\致命代码\fancy-gm-cp\node_modules\sequelize\lib\dialects\postgres\query.js:366:16)
    at H:\致命代码\fancy-gm-cp\node_modules\sequelize\lib\dialects\postgres\query.js:72:18
    at tryCatcher (H:\致命代码\fancy-gm-cp\node_modules\bluebird\js\release\util.js:16:23)
    at Promise._settlePromiseFromHandler (H:\致命代码\fancy-gm-cp\node_modules\bluebird\js\release\promise.js:547:31)
    at Promise._settlePromise (H:\致命代码\fancy-gm-cp\node_modules\bluebird\js\release\promise.js:604:18)
    at Promise._settlePromise0 (H:\致命代码\fancy-gm-cp\node_modules\bluebird\js\release\promise.js:649:10)
    at Promise._settlePromises (H:\致命代码\fancy-gm-cp\node_modules\bluebird\js\release\promise.js:725:18)
    at _drainQueueStep (H:\致命代码\fancy-gm-cp\node_modules\bluebird\js\release\async.js:93:12)
    at _drainQueue (H:\致命代码\fancy-gm-cp\node_modules\bluebird\js\release\async.js:86:9)
    at Async._drainQueues (H:\致命代码\fancy-gm-cp\node_modules\bluebird\js\release\async.js:102:5)
    at Immediate.Async.drainQueues [as _onImmediate] (H:\致命代码\fancy-gm-cp\node_modules\bluebird\js\release\async.js:15:14)
    at processImmediate (internal/timers.js:456:21)
*************** error log end ***************

[2020-11-03T15:27:54.125] [ERROR] errorLogger - 
*************** error log start ***************
request method: GET
request originalUrl:  /api/server/findAll?gameName=%E7%A9%BA%E7%BF%BC%E5%86%92%E9%99%A9%E5%9B%A2&channelId=3&plaform=1
request client ip:  ::1
request query:  {"gameName":"空翼冒险团","channelId":"3","plaform":"1"}
response time: 1604388474125
err name: SyntaxError
err message: Unexpected token o in JSON at position 1
err stack: SyntaxError: Unexpected token o in JSON at position 1
    at JSON.parse (<anonymous>)
    at _callee$ (H:\致命代码\fancy-gm-cp\src\app\service\/server.js:23:15)
    at tryCatch (H:\致命代码\fancy-gm-cp\node_modules\regenerator-runtime\runtime.js:63:40)
    at Generator.invoke [as _invoke] (H:\致命代码\fancy-gm-cp\node_modules\regenerator-runtime\runtime.js:293:22)
    at Generator.next (H:\致命代码\fancy-gm-cp\node_modules\regenerator-runtime\runtime.js:118:21)
    at asyncGeneratorStep (H:\致命代码\fancy-gm-cp\node_modules\@babel\runtime\helpers\asyncToGenerator.js:3:24)
    at _next (H:\致命代码\fancy-gm-cp\node_modules\@babel\runtime\helpers\asyncToGenerator.js:25:9)
*************** error log end ***************

[2020-11-03T15:45:58.203] [ERROR] errorLogger - 
*************** error log start ***************
request method: GET
request originalUrl:  /api/server/findAll?gameName=%E7%A9%BA%E7%BF%BC%E5%86%92%E9%99%A9%E5%9B%A2&channelNum=3&platform=1
request client ip:  ::1
request query:  {"gameName":"空翼冒险团","channelNum":"3","platform":"1"}
response time: 1604389558203
err name: SequelizeDatabaseError
err message: invalid input syntax for type integer: "undefined"
err stack: SequelizeDatabaseError: invalid input syntax for type integer: "undefined"
    at Query.formatError (H:\致命代码\fancy-gm-cp\node_modules\sequelize\lib\dialects\postgres\query.js:366:16)
    at H:\致命代码\fancy-gm-cp\node_modules\sequelize\lib\dialects\postgres\query.js:72:18
    at tryCatcher (H:\致命代码\fancy-gm-cp\node_modules\bluebird\js\release\util.js:16:23)
    at Promise._settlePromiseFromHandler (H:\致命代码\fancy-gm-cp\node_modules\bluebird\js\release\promise.js:547:31)
    at Promise._settlePromise (H:\致命代码\fancy-gm-cp\node_modules\bluebird\js\release\promise.js:604:18)
    at Promise._settlePromise0 (H:\致命代码\fancy-gm-cp\node_modules\bluebird\js\release\promise.js:649:10)
    at Promise._settlePromises (H:\致命代码\fancy-gm-cp\node_modules\bluebird\js\release\promise.js:725:18)
    at _drainQueueStep (H:\致命代码\fancy-gm-cp\node_modules\bluebird\js\release\async.js:93:12)
    at _drainQueue (H:\致命代码\fancy-gm-cp\node_modules\bluebird\js\release\async.js:86:9)
    at Async._drainQueues (H:\致命代码\fancy-gm-cp\node_modules\bluebird\js\release\async.js:102:5)
    at Immediate.Async.drainQueues [as _onImmediate] (H:\致命代码\fancy-gm-cp\node_modules\bluebird\js\release\async.js:15:14)
    at processImmediate (internal/timers.js:456:21)
*************** error log end ***************

[2020-11-03T15:46:40.789] [ERROR] errorLogger - 
*************** error log start ***************
request method: GET
request originalUrl:  /api/server/findAll?gameName=%E7%A9%BA%E7%BF%BC%E5%86%92%E9%99%A9%E5%9B%A2&channelNum=3&platform=1
request client ip:  ::1
request query:  {"gameName":"空翼冒险团","channelNum":"3","platform":"1"}
response time: 1604389600789
err name: SequelizeDatabaseError
err message: invalid input syntax for type integer: "undefined"
err stack: SequelizeDatabaseError: invalid input syntax for type integer: "undefined"
    at Query.formatError (H:\致命代码\fancy-gm-cp\node_modules\sequelize\lib\dialects\postgres\query.js:366:16)
    at H:\致命代码\fancy-gm-cp\node_modules\sequelize\lib\dialects\postgres\query.js:72:18
    at tryCatcher (H:\致命代码\fancy-gm-cp\node_modules\bluebird\js\release\util.js:16:23)
    at Promise._settlePromiseFromHandler (H:\致命代码\fancy-gm-cp\node_modules\bluebird\js\release\promise.js:547:31)
    at Promise._settlePromise (H:\致命代码\fancy-gm-cp\node_modules\bluebird\js\release\promise.js:604:18)
    at Promise._settlePromise0 (H:\致命代码\fancy-gm-cp\node_modules\bluebird\js\release\promise.js:649:10)
    at Promise._settlePromises (H:\致命代码\fancy-gm-cp\node_modules\bluebird\js\release\promise.js:725:18)
    at _drainQueueStep (H:\致命代码\fancy-gm-cp\node_modules\bluebird\js\release\async.js:93:12)
    at _drainQueue (H:\致命代码\fancy-gm-cp\node_modules\bluebird\js\release\async.js:86:9)
    at Async._drainQueues (H:\致命代码\fancy-gm-cp\node_modules\bluebird\js\release\async.js:102:5)
    at Immediate.Async.drainQueues [as _onImmediate] (H:\致命代码\fancy-gm-cp\node_modules\bluebird\js\release\async.js:15:14)
    at processImmediate (internal/timers.js:456:21)
*************** error log end ***************

[2020-11-03T15:48:46.106] [ERROR] errorLogger - 
*************** error log start ***************
request method: GET
request originalUrl:  /api/server/findAll?gameName=%E7%A9%BA%E7%BF%BC%E5%86%92%E9%99%A9%E5%9B%A2&channelNum=3
request client ip:  ::1
request query:  {"gameName":"空翼冒险团","channelNum":"3"}
response time: 1604389726105
err name: undefined
err message: 缺少参数
err stack: undefined
*************** error log end ***************

