[2020-10-19T14:49:17.800] [INFO] resLogger - 
*************** log start ***************
日志记录：{"resourceUrl":"","resourceDesc":"","requestType":"GET","requestParams":"{}","responseCode":"","responseMessage":"","responseDate":"请求异常，请求接口不存在 或 响应返回！！！","serverIp":"当前服务器id","userIp":"::1","userId":null,"createTime":"2020-10-19 2:49:17 ├F10: PM┤","executionTime":0}
*************** log end ***************

[2020-10-19T14:49:17.927] [INFO] resLogger - 
*************** log start ***************
日志记录：{"resourceUrl":"","resourceDesc":"","requestType":"GET","requestParams":"{}","responseCode":"","responseMessage":"","responseDate":"请求异常，请求接口不存在 或 响应返回！！！","serverIp":"当前服务器id","userIp":"::1","userId":null,"createTime":"2020-10-19 2:49:17 ├F10: PM┤","executionTime":0}
*************** log end ***************

[2020-10-19T14:49:29.730] [INFO] resLogger - 
*************** log start ***************
日志记录：{"resourceUrl":"/api/anno/marquee","resourceDesc":"","requestType":"GET","requestParams":"{}","responseCode":200,"responseMessage":"","responseDate":{"code":200,"message":"查找成功"},"serverIp":"当前服务器id","userIp":"::1","userId":null,"createTime":"2020-10-19 2:49:29 ├F10: PM┤","executionTime":0}
*************** log end ***************

[2020-10-19T14:49:29.847] [INFO] resLogger - 
*************** log start ***************
日志记录：{"resourceUrl":"","resourceDesc":"","requestType":"GET","requestParams":"{}","responseCode":"","responseMessage":"","responseDate":"请求异常，请求接口不存在 或 响应返回！！！","serverIp":"当前服务器id","userIp":"::1","userId":null,"createTime":"2020-10-19 2:49:29 ├F10: PM┤","executionTime":0}
*************** log end ***************

[2020-10-19T14:49:34.518] [INFO] resLogger - 
*************** log start ***************
日志记录：{"resourceUrl":"/api/anno/marquee?id=54","resourceDesc":"","requestType":"GET","requestParams":"{\"id\":\"54\"}","responseCode":200,"responseMessage":"","responseDate":{"code":200,"message":"查找成功"},"serverIp":"当前服务器id","userIp":"::1","userId":null,"createTime":"2020-10-19 2:49:34 ├F10: PM┤","executionTime":0}
*************** log end ***************

[2020-10-19T14:49:34.655] [INFO] resLogger - 
*************** log start ***************
日志记录：{"resourceUrl":"","resourceDesc":"","requestType":"GET","requestParams":"{}","responseCode":"","responseMessage":"","responseDate":"请求异常，请求接口不存在 或 响应返回！！！","serverIp":"当前服务器id","userIp":"::1","userId":null,"createTime":"2020-10-19 2:49:34 ├F10: PM┤","executionTime":0}
*************** log end ***************

[2020-10-19T14:50:11.057] [INFO] resLogger - 
*************** log start ***************
日志记录：{"resourceUrl":"/api/anno/marquee?id=54","resourceDesc":"","requestType":"GET","requestParams":"{\"id\":\"54\"}","responseCode":200,"responseMessage":"","responseDate":{"code":200,"message":"查找成功"},"serverIp":"当前服务器id","userIp":"::1","userId":null,"createTime":"2020-10-19 2:50:10 ├F10: PM┤","executionTime":0}
*************** log end ***************

[2020-10-19T14:50:11.160] [INFO] resLogger - 
*************** log start ***************
日志记录：{"resourceUrl":"","resourceDesc":"","requestType":"GET","requestParams":"{}","responseCode":"","responseMessage":"","responseDate":"请求异常，请求接口不存在 或 响应返回！！！","serverIp":"当前服务器id","userIp":"::1","userId":null,"createTime":"2020-10-19 2:50:11 ├F10: PM┤","executionTime":0}
*************** log end ***************

[2020-10-19T14:53:24.428] [INFO] resLogger - 
*************** log start ***************
日志记录：{"resourceUrl":"/api/anno/marquee?id=54","resourceDesc":"","requestType":"GET","requestParams":"{\"id\":\"54\"}","responseCode":200,"responseMessage":"","responseDate":{"code":200,"message":"查找成功"},"serverIp":"当前服务器id","userIp":"::1","userId":null,"createTime":"2020-10-19 2:53:24 ├F10: PM┤","executionTime":0}
*************** log end ***************

[2020-10-19T14:53:24.547] [INFO] resLogger - 
*************** log start ***************
日志记录：{"resourceUrl":"","resourceDesc":"","requestType":"GET","requestParams":"{}","responseCode":"","responseMessage":"","responseDate":"请求异常，请求接口不存在 或 响应返回！！！","serverIp":"当前服务器id","userIp":"::1","userId":null,"createTime":"2020-10-19 2:53:24 ├F10: PM┤","executionTime":0}
*************** log end ***************

[2020-10-19T14:53:26.162] [INFO] resLogger - 
*************** log start ***************
日志记录：{"resourceUrl":"/api/anno/marquee?id=54","resourceDesc":"","requestType":"GET","requestParams":"{\"id\":\"54\"}","responseCode":200,"responseMessage":"","responseDate":{"code":200,"message":"查找成功"},"serverIp":"当前服务器id","userIp":"::1","userId":null,"createTime":"2020-10-19 2:53:26 ├F10: PM┤","executionTime":0}
*************** log end ***************

[2020-10-19T14:53:26.207] [INFO] resLogger - 
*************** log start ***************
日志记录：{"resourceUrl":"","resourceDesc":"","requestType":"GET","requestParams":"{}","responseCode":"","responseMessage":"","responseDate":"请求异常，请求接口不存在 或 响应返回！！！","serverIp":"当前服务器id","userIp":"::1","userId":null,"createTime":"2020-10-19 2:53:26 ├F10: PM┤","executionTime":0}
*************** log end ***************

[2020-10-19T14:53:53.900] [INFO] resLogger - 
*************** log start ***************
日志记录：{"resourceUrl":"/api/anno/marquee?id=54","resourceDesc":"","requestType":"GET","requestParams":"{\"id\":\"54\"}","responseCode":200,"responseMessage":"","responseDate":{"code":200,"message":"查找成功"},"serverIp":"当前服务器id","userIp":"::1","userId":null,"createTime":"2020-10-19 2:53:53 ├F10: PM┤","executionTime":0}
*************** log end ***************

[2020-10-19T14:53:53.972] [INFO] resLogger - 
*************** log start ***************
日志记录：{"resourceUrl":"","resourceDesc":"","requestType":"GET","requestParams":"{}","responseCode":"","responseMessage":"","responseDate":"请求异常，请求接口不存在 或 响应返回！！！","serverIp":"当前服务器id","userIp":"::1","userId":null,"createTime":"2020-10-19 2:53:53 ├F10: PM┤","executionTime":0}
*************** log end ***************

[2020-10-19T14:53:54.946] [INFO] resLogger - 
*************** log start ***************
日志记录：{"resourceUrl":"/api/anno/marquee?id=54","resourceDesc":"","requestType":"GET","requestParams":"{\"id\":\"54\"}","responseCode":200,"responseMessage":"","responseDate":{"code":200,"message":"查找成功"},"serverIp":"当前服务器id","userIp":"::1","userId":null,"createTime":"2020-10-19 2:53:54 ├F10: PM┤","executionTime":0}
*************** log end ***************

[2020-10-19T14:53:55.014] [INFO] resLogger - 
*************** log start ***************
日志记录：{"resourceUrl":"","resourceDesc":"","requestType":"GET","requestParams":"{}","responseCode":"","responseMessage":"","responseDate":"请求异常，请求接口不存在 或 响应返回！！！","serverIp":"当前服务器id","userIp":"::1","userId":null,"createTime":"2020-10-19 2:53:55 ├F10: PM┤","executionTime":0}
*************** log end ***************

[2020-10-19T14:54:42.290] [INFO] resLogger - 
*************** log start ***************
日志记录：{"resourceUrl":"/api/anno/marquee?id=54","resourceDesc":"","requestType":"GET","requestParams":"{\"id\":\"54\"}","responseCode":200,"responseMessage":"","responseDate":{"code":200,"message":"查找成功"},"serverIp":"当前服务器id","userIp":"::1","userId":null,"createTime":"2020-10-19 2:54:42 ├F10: PM┤","executionTime":0}
*************** log end ***************

[2020-10-19T14:54:42.406] [INFO] resLogger - 
*************** log start ***************
日志记录：{"resourceUrl":"","resourceDesc":"","requestType":"GET","requestParams":"{}","responseCode":"","responseMessage":"","responseDate":"请求异常，请求接口不存在 或 响应返回！！！","serverIp":"当前服务器id","userIp":"::1","userId":null,"createTime":"2020-10-19 2:54:42 ├F10: PM┤","executionTime":0}
*************** log end ***************

[2020-10-19T14:55:36.174] [INFO] resLogger - 
*************** log start ***************
日志记录：{"resourceUrl":"/api/anno/marquee?id=54","resourceDesc":"","requestType":"GET","requestParams":"{\"id\":\"54\"}","responseCode":200,"responseMessage":"","responseDate":{"code":200,"message":"查找成功"},"serverIp":"当前服务器id","userIp":"::1","userId":null,"createTime":"2020-10-19 2:55:35 ├F10: PM┤","executionTime":0}
*************** log end ***************

[2020-10-19T14:55:36.258] [INFO] resLogger - 
*************** log start ***************
日志记录：{"resourceUrl":"","resourceDesc":"","requestType":"GET","requestParams":"{}","responseCode":"","responseMessage":"","responseDate":"请求异常，请求接口不存在 或 响应返回！！！","serverIp":"当前服务器id","userIp":"::1","userId":null,"createTime":"2020-10-19 2:55:36 ├F10: PM┤","executionTime":0}
*************** log end ***************

