[2020-10-21T16:47:08.428] [INFO] resLogger - 
*************** log start ***************
日志记录：{"resourceUrl":"","resourceDesc":"","requestType":"GET","requestParams":"{}","responseCode":"","responseMessage":"","responseDate":"请求异常，请求接口不存在 或 响应返回！！！","serverIp":"当前服务器id","userIp":"::1","userId":null,"createTime":"2020-10-21 4:47:08 ├F10: PM┤","executionTime":0}
*************** log end ***************

[2020-10-21T20:31:17.088] [INFO] resLogger - 
*************** log start ***************
日志记录：{"resourceUrl":"/api/anno/stop?id=99","resourceDesc":"","requestType":"GET","requestParams":"{\"id\":\"99\"}","responseCode":200,"responseMessage":"","responseDate":{"code":200,"message":"查找成功"},"serverIp":"当前服务器id","userIp":"::1","userId":null,"createTime":"2020-10-21 8:31:17 ├F10: PM┤","executionTime":0}
*************** log end ***************

[2020-10-21T20:31:17.287] [INFO] resLogger - 
*************** log start ***************
日志记录：{"resourceUrl":"","resourceDesc":"","requestType":"GET","requestParams":"{}","responseCode":"","responseMessage":"","responseDate":"请求异常，请求接口不存在 或 响应返回！！！","serverIp":"当前服务器id","userIp":"::1","userId":null,"createTime":"2020-10-21 8:31:17 ├F10: PM┤","executionTime":0}
*************** log end ***************

[2020-10-21T20:31:41.592] [INFO] resLogger - 
*************** log start ***************
日志记录：{"resourceUrl":"/api/anno/stop?id=99","resourceDesc":"","requestType":"GET","requestParams":"{\"id\":\"99\"}","responseCode":200,"responseMessage":"","responseDate":{"code":200,"message":"查找成功"},"serverIp":"当前服务器id","userIp":"::1","userId":null,"createTime":"2020-10-21 8:31:41 ├F10: PM┤","executionTime":0}
*************** log end ***************

[2020-10-21T20:31:41.655] [INFO] resLogger - 
*************** log start ***************
日志记录：{"resourceUrl":"","resourceDesc":"","requestType":"GET","requestParams":"{}","responseCode":"","responseMessage":"","responseDate":"请求异常，请求接口不存在 或 响应返回！！！","serverIp":"当前服务器id","userIp":"::1","userId":null,"createTime":"2020-10-21 8:31:41 ├F10: PM┤","executionTime":0}
*************** log end ***************

[2020-10-21T20:32:17.881] [INFO] resLogger - 
*************** log start ***************
日志记录：{"resourceUrl":"/api/anno/stop?id=99","resourceDesc":"","requestType":"GET","requestParams":"{\"id\":\"99\"}","responseCode":200,"responseMessage":"","responseDate":{"code":200,"message":"查找成功"},"serverIp":"当前服务器id","userIp":"::1","userId":null,"createTime":"2020-10-21 8:32:17 ├F10: PM┤","executionTime":0}
*************** log end ***************

[2020-10-21T20:32:17.968] [INFO] resLogger - 
*************** log start ***************
日志记录：{"resourceUrl":"","resourceDesc":"","requestType":"GET","requestParams":"{}","responseCode":"","responseMessage":"","responseDate":"请求异常，请求接口不存在 或 响应返回！！！","serverIp":"当前服务器id","userIp":"::1","userId":null,"createTime":"2020-10-21 8:32:17 ├F10: PM┤","executionTime":0}
*************** log end ***************

[2020-10-21T20:32:25.189] [INFO] resLogger - 
*************** log start ***************
日志记录：{"resourceUrl":"/api/anno/stop?id=98","resourceDesc":"","requestType":"GET","requestParams":"{\"id\":\"98\"}","responseCode":200,"responseMessage":"","responseDate":{"code":200,"message":"查找成功"},"serverIp":"当前服务器id","userIp":"::1","userId":null,"createTime":"2020-10-21 8:32:25 ├F10: PM┤","executionTime":0}
*************** log end ***************

[2020-10-21T20:32:25.288] [INFO] resLogger - 
*************** log start ***************
日志记录：{"resourceUrl":"","resourceDesc":"","requestType":"GET","requestParams":"{}","responseCode":"","responseMessage":"","responseDate":"请求异常，请求接口不存在 或 响应返回！！！","serverIp":"当前服务器id","userIp":"::1","userId":null,"createTime":"2020-10-21 8:32:25 ├F10: PM┤","executionTime":0}
*************** log end ***************

[2020-10-21T20:32:27.706] [INFO] resLogger - 
*************** log start ***************
日志记录：{"resourceUrl":"/api/anno/stop?id=98","resourceDesc":"","requestType":"GET","requestParams":"{\"id\":\"98\"}","responseCode":200,"responseMessage":"","responseDate":{"code":200,"message":"查找成功"},"serverIp":"当前服务器id","userIp":"::1","userId":null,"createTime":"2020-10-21 8:32:27 ├F10: PM┤","executionTime":0}
*************** log end ***************

[2020-10-21T20:32:27.831] [INFO] resLogger - 
*************** log start ***************
日志记录：{"resourceUrl":"","resourceDesc":"","requestType":"GET","requestParams":"{}","responseCode":"","responseMessage":"","responseDate":"请求异常，请求接口不存在 或 响应返回！！！","serverIp":"当前服务器id","userIp":"::1","userId":null,"createTime":"2020-10-21 8:32:27 ├F10: PM┤","executionTime":0}
*************** log end ***************

[2020-10-21T20:32:28.531] [INFO] resLogger - 
*************** log start ***************
日志记录：{"resourceUrl":"/api/anno/stop?id=98","resourceDesc":"","requestType":"GET","requestParams":"{\"id\":\"98\"}","responseCode":200,"responseMessage":"","responseDate":{"code":200,"message":"查找成功"},"serverIp":"当前服务器id","userIp":"::1","userId":null,"createTime":"2020-10-21 8:32:28 ├F10: PM┤","executionTime":0}
*************** log end ***************

[2020-10-21T20:32:28.597] [INFO] resLogger - 
*************** log start ***************
日志记录：{"resourceUrl":"","resourceDesc":"","requestType":"GET","requestParams":"{}","responseCode":"","responseMessage":"","responseDate":"请求异常，请求接口不存在 或 响应返回！！！","serverIp":"当前服务器id","userIp":"::1","userId":null,"createTime":"2020-10-21 8:32:28 ├F10: PM┤","executionTime":0}
*************** log end ***************

[2020-10-21T20:32:29.029] [INFO] resLogger - 
*************** log start ***************
日志记录：{"resourceUrl":"/api/anno/stop?id=98","resourceDesc":"","requestType":"GET","requestParams":"{\"id\":\"98\"}","responseCode":200,"responseMessage":"","responseDate":{"code":200,"message":"查找成功"},"serverIp":"当前服务器id","userIp":"::1","userId":null,"createTime":"2020-10-21 8:32:28 ├F10: PM┤","executionTime":0}
*************** log end ***************

[2020-10-21T20:32:29.095] [INFO] resLogger - 
*************** log start ***************
日志记录：{"resourceUrl":"","resourceDesc":"","requestType":"GET","requestParams":"{}","responseCode":"","responseMessage":"","responseDate":"请求异常，请求接口不存在 或 响应返回！！！","serverIp":"当前服务器id","userIp":"::1","userId":null,"createTime":"2020-10-21 8:32:29 ├F10: PM┤","executionTime":0}
*************** log end ***************

[2020-10-21T20:32:29.412] [INFO] resLogger - 
*************** log start ***************
日志记录：{"resourceUrl":"/api/anno/stop?id=98","resourceDesc":"","requestType":"GET","requestParams":"{\"id\":\"98\"}","responseCode":200,"responseMessage":"","responseDate":{"code":200,"message":"查找成功"},"serverIp":"当前服务器id","userIp":"::1","userId":null,"createTime":"2020-10-21 8:32:29 ├F10: PM┤","executionTime":0}
*************** log end ***************

[2020-10-21T20:32:29.496] [INFO] resLogger - 
*************** log start ***************
日志记录：{"resourceUrl":"","resourceDesc":"","requestType":"GET","requestParams":"{}","responseCode":"","responseMessage":"","responseDate":"请求异常，请求接口不存在 或 响应返回！！！","serverIp":"当前服务器id","userIp":"::1","userId":null,"createTime":"2020-10-21 8:32:29 ├F10: PM┤","executionTime":0}
*************** log end ***************

[2020-10-21T20:32:29.681] [INFO] resLogger - 
*************** log start ***************
日志记录：{"resourceUrl":"/api/anno/stop?id=98","resourceDesc":"","requestType":"GET","requestParams":"{\"id\":\"98\"}","responseCode":200,"responseMessage":"","responseDate":{"code":200,"message":"查找成功"},"serverIp":"当前服务器id","userIp":"::1","userId":null,"createTime":"2020-10-21 8:32:29 ├F10: PM┤","executionTime":0}
*************** log end ***************

[2020-10-21T20:32:29.734] [INFO] resLogger - 
*************** log start ***************
日志记录：{"resourceUrl":"","resourceDesc":"","requestType":"GET","requestParams":"{}","responseCode":"","responseMessage":"","responseDate":"请求异常，请求接口不存在 或 响应返回！！！","serverIp":"当前服务器id","userIp":"::1","userId":null,"createTime":"2020-10-21 8:32:29 ├F10: PM┤","executionTime":0}
*************** log end ***************

[2020-10-21T20:32:29.865] [INFO] resLogger - 
*************** log start ***************
日志记录：{"resourceUrl":"/api/anno/stop?id=98","resourceDesc":"","requestType":"GET","requestParams":"{\"id\":\"98\"}","responseCode":200,"responseMessage":"","responseDate":{"code":200,"message":"查找成功"},"serverIp":"当前服务器id","userIp":"::1","userId":null,"createTime":"2020-10-21 8:32:29 ├F10: PM┤","executionTime":0}
*************** log end ***************

[2020-10-21T20:32:29.974] [INFO] resLogger - 
*************** log start ***************
日志记录：{"resourceUrl":"","resourceDesc":"","requestType":"GET","requestParams":"{}","responseCode":"","responseMessage":"","responseDate":"请求异常，请求接口不存在 或 响应返回！！！","serverIp":"当前服务器id","userIp":"::1","userId":null,"createTime":"2020-10-21 8:32:29 ├F10: PM┤","executionTime":0}
*************** log end ***************

[2020-10-21T20:32:30.041] [INFO] resLogger - 
*************** log start ***************
日志记录：{"resourceUrl":"/api/anno/stop?id=98","resourceDesc":"","requestType":"GET","requestParams":"{\"id\":\"98\"}","responseCode":200,"responseMessage":"","responseDate":{"code":200,"message":"查找成功"},"serverIp":"当前服务器id","userIp":"::1","userId":null,"createTime":"2020-10-21 8:32:30 ├F10: PM┤","executionTime":0}
*************** log end ***************

[2020-10-21T20:32:30.180] [INFO] resLogger - 
*************** log start ***************
日志记录：{"resourceUrl":"","resourceDesc":"","requestType":"GET","requestParams":"{}","responseCode":"","responseMessage":"","responseDate":"请求异常，请求接口不存在 或 响应返回！！！","serverIp":"当前服务器id","userIp":"::1","userId":null,"createTime":"2020-10-21 8:32:30 ├F10: PM┤","executionTime":0}
*************** log end ***************

[2020-10-21T20:32:30.251] [INFO] resLogger - 
*************** log start ***************
日志记录：{"resourceUrl":"/api/anno/stop?id=98","resourceDesc":"","requestType":"GET","requestParams":"{\"id\":\"98\"}","responseCode":200,"responseMessage":"","responseDate":{"code":200,"message":"查找成功"},"serverIp":"当前服务器id","userIp":"::1","userId":null,"createTime":"2020-10-21 8:32:30 ├F10: PM┤","executionTime":0}
*************** log end ***************

[2020-10-21T20:32:30.379] [INFO] resLogger - 
*************** log start ***************
日志记录：{"resourceUrl":"/api/anno/stop?id=98","resourceDesc":"","requestType":"GET","requestParams":"{\"id\":\"98\"}","responseCode":200,"responseMessage":"","responseDate":{"code":200,"message":"查找成功"},"serverIp":"当前服务器id","userIp":"::1","userId":null,"createTime":"2020-10-21 8:32:30 ├F10: PM┤","executionTime":0}
*************** log end ***************

[2020-10-21T20:32:30.454] [INFO] resLogger - 
*************** log start ***************
日志记录：{"resourceUrl":"","resourceDesc":"","requestType":"GET","requestParams":"{}","responseCode":"","responseMessage":"","responseDate":"请求异常，请求接口不存在 或 响应返回！！！","serverIp":"当前服务器id","userIp":"::1","userId":null,"createTime":"2020-10-21 8:32:30 ├F10: PM┤","executionTime":0}
*************** log end ***************

[2020-10-21T20:32:30.520] [INFO] resLogger - 
*************** log start ***************
日志记录：{"resourceUrl":"/api/anno/stop?id=98","resourceDesc":"","requestType":"GET","requestParams":"{\"id\":\"98\"}","responseCode":200,"responseMessage":"","responseDate":{"code":200,"message":"查找成功"},"serverIp":"当前服务器id","userIp":"::1","userId":null,"createTime":"2020-10-21 8:32:30 ├F10: PM┤","executionTime":0}
*************** log end ***************

[2020-10-21T20:32:30.632] [INFO] resLogger - 
*************** log start ***************
日志记录：{"resourceUrl":"","resourceDesc":"","requestType":"GET","requestParams":"{}","responseCode":"","responseMessage":"","responseDate":"请求异常，请求接口不存在 或 响应返回！！！","serverIp":"当前服务器id","userIp":"::1","userId":null,"createTime":"2020-10-21 8:32:30 ├F10: PM┤","executionTime":0}
*************** log end ***************

[2020-10-21T20:32:30.762] [INFO] resLogger - 
*************** log start ***************
日志记录：{"resourceUrl":"/api/anno/stop?id=98","resourceDesc":"","requestType":"GET","requestParams":"{\"id\":\"98\"}","responseCode":200,"responseMessage":"","responseDate":{"code":200,"message":"查找成功"},"serverIp":"当前服务器id","userIp":"::1","userId":null,"createTime":"2020-10-21 8:32:30 ├F10: PM┤","executionTime":0}
*************** log end ***************

[2020-10-21T20:32:30.820] [INFO] resLogger - 
*************** log start ***************
日志记录：{"resourceUrl":"/api/anno/stop?id=98","resourceDesc":"","requestType":"GET","requestParams":"{\"id\":\"98\"}","responseCode":200,"responseMessage":"","responseDate":{"code":200,"message":"查找成功"},"serverIp":"当前服务器id","userIp":"::1","userId":null,"createTime":"2020-10-21 8:32:30 ├F10: PM┤","executionTime":0}
*************** log end ***************

[2020-10-21T20:32:30.903] [INFO] resLogger - 
*************** log start ***************
日志记录：{"resourceUrl":"/api/anno/stop?id=98","resourceDesc":"","requestType":"GET","requestParams":"{\"id\":\"98\"}","responseCode":200,"responseMessage":"","responseDate":{"code":200,"message":"查找成功"},"serverIp":"当前服务器id","userIp":"::1","userId":null,"createTime":"2020-10-21 8:32:30 ├F10: PM┤","executionTime":0}
*************** log end ***************

[2020-10-21T20:32:30.982] [INFO] resLogger - 
*************** log start ***************
日志记录：{"resourceUrl":"","resourceDesc":"","requestType":"GET","requestParams":"{}","responseCode":"","responseMessage":"","responseDate":"请求异常，请求接口不存在 或 响应返回！！！","serverIp":"当前服务器id","userIp":"::1","userId":null,"createTime":"2020-10-21 8:32:30 ├F10: PM┤","executionTime":0}
*************** log end ***************

[2020-10-21T20:32:31.066] [INFO] resLogger - 
*************** log start ***************
日志记录：{"resourceUrl":"/api/anno/stop?id=98","resourceDesc":"","requestType":"GET","requestParams":"{\"id\":\"98\"}","responseCode":200,"responseMessage":"","responseDate":{"code":200,"message":"查找成功"},"serverIp":"当前服务器id","userIp":"::1","userId":null,"createTime":"2020-10-21 8:32:31 ├F10: PM┤","executionTime":0}
*************** log end ***************

[2020-10-21T20:32:31.188] [INFO] resLogger - 
*************** log start ***************
日志记录：{"resourceUrl":"/api/anno/stop?id=98","resourceDesc":"","requestType":"GET","requestParams":"{\"id\":\"98\"}","responseCode":200,"responseMessage":"","responseDate":{"code":200,"message":"查找成功"},"serverIp":"当前服务器id","userIp":"::1","userId":null,"createTime":"2020-10-21 8:32:31 ├F10: PM┤","executionTime":0}
*************** log end ***************

[2020-10-21T20:32:31.249] [INFO] resLogger - 
*************** log start ***************
日志记录：{"resourceUrl":"","resourceDesc":"","requestType":"GET","requestParams":"{}","responseCode":"","responseMessage":"","responseDate":"请求异常，请求接口不存在 或 响应返回！！！","serverIp":"当前服务器id","userIp":"::1","userId":null,"createTime":"2020-10-21 8:32:31 ├F10: PM┤","executionTime":0}
*************** log end ***************

[2020-10-21T20:32:31.333] [INFO] resLogger - 
*************** log start ***************
日志记录：{"resourceUrl":"/api/anno/stop?id=98","resourceDesc":"","requestType":"GET","requestParams":"{\"id\":\"98\"}","responseCode":200,"responseMessage":"","responseDate":{"code":200,"message":"查找成功"},"serverIp":"当前服务器id","userIp":"::1","userId":null,"createTime":"2020-10-21 8:32:31 ├F10: PM┤","executionTime":0}
*************** log end ***************

[2020-10-21T20:32:31.452] [INFO] resLogger - 
*************** log start ***************
日志记录：{"resourceUrl":"/api/anno/stop?id=98","resourceDesc":"","requestType":"GET","requestParams":"{\"id\":\"98\"}","responseCode":200,"responseMessage":"","responseDate":{"code":200,"message":"查找成功"},"serverIp":"当前服务器id","userIp":"::1","userId":null,"createTime":"2020-10-21 8:32:31 ├F10: PM┤","executionTime":0}
*************** log end ***************

[2020-10-21T20:32:31.552] [INFO] resLogger - 
*************** log start ***************
日志记录：{"resourceUrl":"/api/anno/stop?id=98","resourceDesc":"","requestType":"GET","requestParams":"{\"id\":\"98\"}","responseCode":200,"responseMessage":"","responseDate":{"code":200,"message":"查找成功"},"serverIp":"当前服务器id","userIp":"::1","userId":null,"createTime":"2020-10-21 8:32:31 ├F10: PM┤","executionTime":0}
*************** log end ***************

[2020-10-21T20:32:31.639] [INFO] resLogger - 
*************** log start ***************
日志记录：{"resourceUrl":"/api/anno/stop?id=98","resourceDesc":"","requestType":"GET","requestParams":"{\"id\":\"98\"}","responseCode":200,"responseMessage":"","responseDate":{"code":200,"message":"查找成功"},"serverIp":"当前服务器id","userIp":"::1","userId":null,"createTime":"2020-10-21 8:32:31 ├F10: PM┤","executionTime":0}
*************** log end ***************

[2020-10-21T20:32:31.725] [INFO] resLogger - 
*************** log start ***************
日志记录：{"resourceUrl":"","resourceDesc":"","requestType":"GET","requestParams":"{}","responseCode":"","responseMessage":"","responseDate":"请求异常，请求接口不存在 或 响应返回！！！","serverIp":"当前服务器id","userIp":"::1","userId":null,"createTime":"2020-10-21 8:32:31 ├F10: PM┤","executionTime":0}
*************** log end ***************

[2020-10-21T20:32:31.729] [INFO] resLogger - 
*************** log start ***************
日志记录：{"resourceUrl":"/api/anno/stop?id=98","resourceDesc":"","requestType":"GET","requestParams":"{\"id\":\"98\"}","responseCode":200,"responseMessage":"","responseDate":{"code":200,"message":"查找成功"},"serverIp":"当前服务器id","userIp":"::1","userId":null,"createTime":"2020-10-21 8:32:31 ├F10: PM┤","executionTime":0}
*************** log end ***************

[2020-10-21T20:32:31.766] [INFO] resLogger - 
*************** log start ***************
日志记录：{"resourceUrl":"","resourceDesc":"","requestType":"GET","requestParams":"{}","responseCode":"","responseMessage":"","responseDate":"请求异常，请求接口不存在 或 响应返回！！！","serverIp":"当前服务器id","userIp":"::1","userId":null,"createTime":"2020-10-21 8:32:31 ├F10: PM┤","executionTime":0}
*************** log end ***************

[2020-10-21T20:32:31.868] [INFO] resLogger - 
*************** log start ***************
日志记录：{"resourceUrl":"/api/anno/stop?id=98","resourceDesc":"","requestType":"GET","requestParams":"{\"id\":\"98\"}","responseCode":200,"responseMessage":"","responseDate":{"code":200,"message":"查找成功"},"serverIp":"当前服务器id","userIp":"::1","userId":null,"createTime":"2020-10-21 8:32:31 ├F10: PM┤","executionTime":0}
*************** log end ***************

[2020-10-21T20:32:31.916] [INFO] resLogger - 
*************** log start ***************
日志记录：{"resourceUrl":"","resourceDesc":"","requestType":"GET","requestParams":"{}","responseCode":"","responseMessage":"","responseDate":"请求异常，请求接口不存在 或 响应返回！！！","serverIp":"当前服务器id","userIp":"::1","userId":null,"createTime":"2020-10-21 8:32:31 ├F10: PM┤","executionTime":0}
*************** log end ***************

[2020-10-21T20:32:32.020] [INFO] resLogger - 
*************** log start ***************
日志记录：{"resourceUrl":"/api/anno/stop?id=98","resourceDesc":"","requestType":"GET","requestParams":"{\"id\":\"98\"}","responseCode":200,"responseMessage":"","responseDate":{"code":200,"message":"查找成功"},"serverIp":"当前服务器id","userIp":"::1","userId":null,"createTime":"2020-10-21 8:32:31 ├F10: PM┤","executionTime":0}
*************** log end ***************

[2020-10-21T20:32:32.057] [INFO] resLogger - 
*************** log start ***************
日志记录：{"resourceUrl":"","resourceDesc":"","requestType":"GET","requestParams":"{}","responseCode":"","responseMessage":"","responseDate":"请求异常，请求接口不存在 或 响应返回！！！","serverIp":"当前服务器id","userIp":"::1","userId":null,"createTime":"2020-10-21 8:32:32 ├F10: PM┤","executionTime":0}
*************** log end ***************

[2020-10-21T20:32:32.261] [INFO] resLogger - 
*************** log start ***************
日志记录：{"resourceUrl":"/api/anno/stop?id=98","resourceDesc":"","requestType":"GET","requestParams":"{\"id\":\"98\"}","responseCode":200,"responseMessage":"","responseDate":{"code":200,"message":"查找成功"},"serverIp":"当前服务器id","userIp":"::1","userId":null,"createTime":"2020-10-21 8:32:32 ├F10: PM┤","executionTime":0}
*************** log end ***************

[2020-10-21T20:32:32.366] [INFO] resLogger - 
*************** log start ***************
日志记录：{"resourceUrl":"/api/anno/stop?id=98","resourceDesc":"","requestType":"GET","requestParams":"{\"id\":\"98\"}","responseCode":200,"responseMessage":"","responseDate":{"code":200,"message":"查找成功"},"serverIp":"当前服务器id","userIp":"::1","userId":null,"createTime":"2020-10-21 8:32:32 ├F10: PM┤","executionTime":0}
*************** log end ***************

[2020-10-21T20:32:32.420] [INFO] resLogger - 
*************** log start ***************
日志记录：{"resourceUrl":"/api/anno/stop?id=98","resourceDesc":"","requestType":"GET","requestParams":"{\"id\":\"98\"}","responseCode":200,"responseMessage":"","responseDate":{"code":200,"message":"查找成功"},"serverIp":"当前服务器id","userIp":"::1","userId":null,"createTime":"2020-10-21 8:32:32 ├F10: PM┤","executionTime":0}
*************** log end ***************

[2020-10-21T20:32:32.463] [INFO] resLogger - 
*************** log start ***************
日志记录：{"resourceUrl":"/api/anno/stop?id=98","resourceDesc":"","requestType":"GET","requestParams":"{\"id\":\"98\"}","responseCode":200,"responseMessage":"","responseDate":{"code":200,"message":"查找成功"},"serverIp":"当前服务器id","userIp":"::1","userId":null,"createTime":"2020-10-21 8:32:32 ├F10: PM┤","executionTime":0}
*************** log end ***************

[2020-10-21T20:32:32.557] [INFO] resLogger - 
*************** log start ***************
日志记录：{"resourceUrl":"","resourceDesc":"","requestType":"GET","requestParams":"{}","responseCode":"","responseMessage":"","responseDate":"请求异常，请求接口不存在 或 响应返回！！！","serverIp":"当前服务器id","userIp":"::1","userId":null,"createTime":"2020-10-21 8:32:32 ├F10: PM┤","executionTime":0}
*************** log end ***************

[2020-10-21T20:32:32.620] [INFO] resLogger - 
*************** log start ***************
日志记录：{"resourceUrl":"/api/anno/stop?id=98","resourceDesc":"","requestType":"GET","requestParams":"{\"id\":\"98\"}","responseCode":200,"responseMessage":"","responseDate":{"code":200,"message":"查找成功"},"serverIp":"当前服务器id","userIp":"::1","userId":null,"createTime":"2020-10-21 8:32:32 ├F10: PM┤","executionTime":0}
*************** log end ***************

[2020-10-21T20:32:32.685] [INFO] resLogger - 
*************** log start ***************
日志记录：{"resourceUrl":"","resourceDesc":"","requestType":"GET","requestParams":"{}","responseCode":"","responseMessage":"","responseDate":"请求异常，请求接口不存在 或 响应返回！！！","serverIp":"当前服务器id","userIp":"::1","userId":null,"createTime":"2020-10-21 8:32:32 ├F10: PM┤","executionTime":0}
*************** log end ***************

[2020-10-21T20:32:32.770] [INFO] resLogger - 
*************** log start ***************
日志记录：{"resourceUrl":"/api/anno/stop?id=98","resourceDesc":"","requestType":"GET","requestParams":"{\"id\":\"98\"}","responseCode":200,"responseMessage":"","responseDate":{"code":200,"message":"查找成功"},"serverIp":"当前服务器id","userIp":"::1","userId":null,"createTime":"2020-10-21 8:32:32 ├F10: PM┤","executionTime":0}
*************** log end ***************

[2020-10-21T20:32:32.838] [INFO] resLogger - 
*************** log start ***************
日志记录：{"resourceUrl":"","resourceDesc":"","requestType":"GET","requestParams":"{}","responseCode":"","responseMessage":"","responseDate":"请求异常，请求接口不存在 或 响应返回！！！","serverIp":"当前服务器id","userIp":"::1","userId":null,"createTime":"2020-10-21 8:32:32 ├F10: PM┤","executionTime":0}
*************** log end ***************

