[2020-11-26T15:57:23.537] [INFO] resLogger - 
*************** log start ***************
日志记录：{"resourceUrl":"/api/server/findAll?channelNum=2000&versionId=1.3.1114.73755&platform=1&gameName=KOG%E6%B5%8B%E8%AF%95","resourceDesc":"","requestType":"GET","requestParams":"{\"channelNum\":\"2000\",\"versionId\":\"1.3.1114.73755\",\"platform\":\"1\",\"gameName\":\"KOG测试\"}","responseCode":500,"responseMessage":"operator does not exist: character varying = integer","responseDate":{"code":500,"message":"SequelizeDatabaseError: operator does not exist: character varying = integer\n    at Query.formatError (H:\\致命代码\\fancy-gm-cp\\node_modules\\sequelize\\lib\\dialects\\postgres\\query.js:366:16)\n    at H:\\致命代码\\fancy-gm-cp\\node_modules\\sequelize\\lib\\dialects\\postgres\\query.js:72:18\n    at tryCatcher (H:\\致命代码\\fancy-gm-cp\\node_modules\\bluebird\\js\\release\\util.js:16:23)\n    at Promise._settlePromiseFromHandler (H:\\致命代码\\fancy-gm-cp\\node_modules\\bluebird\\js\\release\\promise.js:547:31)\n    at Promise._settlePromise (H:\\致命代码\\fancy-gm-cp\\node_modules\\bluebird\\js\\release\\promise.js:604:18)\n    at Promise._settlePromise0 (H:\\致命代码\\fancy-gm-cp\\node_modules\\bluebird\\js\\release\\promise.js:649:10)\n    at Promise._settlePromises (H:\\致命代码\\fancy-gm-cp\\node_modules\\bluebird\\js\\release\\promise.js:725:18)\n    at _drainQueueStep (H:\\致命代码\\fancy-gm-cp\\node_modules\\bluebird\\js\\release\\async.js:93:12)\n    at _drainQueue (H:\\致命代码\\fancy-gm-cp\\node_modules\\bluebird\\js\\release\\async.js:86:9)\n    at Async._drainQueues (H:\\致命代码\\fancy-gm-cp\\node_modules\\bluebird\\js\\release\\async.js:102:5)\n    at Immediate.Async.drainQueues [as _onImmediate] (H:\\致命代码\\fancy-gm-cp\\node_modules\\bluebird\\js\\release\\async.js:15:14)\n    at processImmediate (internal/timers.js:456:21)"},"serverIp":"当前服务器id","userIp":"::1","userId":null,"createTime":"2020-11-26 3:57:23 ├F10: PM┤","executionTime":0}
*************** log end ***************

[2020-11-26T15:57:23.609] [INFO] resLogger - 
*************** log start ***************
日志记录：{"resourceUrl":"/api/server/findAll?channelNum=2000&versionId=1.3.1114.73755&platform=1&gameName=KOG%E6%B5%8B%E8%AF%95","resourceDesc":"","requestType":"GET","requestParams":"{\"channelNum\":\"2000\",\"versionId\":\"1.3.1114.73755\",\"platform\":\"1\",\"gameName\":\"KOG测试\"}","responseCode":500,"responseMessage":"operator does not exist: character varying = integer","responseDate":{"code":500,"message":"SequelizeDatabaseError: operator does not exist: character varying = integer\n    at Query.formatError (H:\\致命代码\\fancy-gm-cp\\node_modules\\sequelize\\lib\\dialects\\postgres\\query.js:366:16)\n    at H:\\致命代码\\fancy-gm-cp\\node_modules\\sequelize\\lib\\dialects\\postgres\\query.js:72:18\n    at tryCatcher (H:\\致命代码\\fancy-gm-cp\\node_modules\\bluebird\\js\\release\\util.js:16:23)\n    at Promise._settlePromiseFromHandler (H:\\致命代码\\fancy-gm-cp\\node_modules\\bluebird\\js\\release\\promise.js:547:31)\n    at Promise._settlePromise (H:\\致命代码\\fancy-gm-cp\\node_modules\\bluebird\\js\\release\\promise.js:604:18)\n    at Promise._settlePromise0 (H:\\致命代码\\fancy-gm-cp\\node_modules\\bluebird\\js\\release\\promise.js:649:10)\n    at Promise._settlePromises (H:\\致命代码\\fancy-gm-cp\\node_modules\\bluebird\\js\\release\\promise.js:725:18)\n    at _drainQueueStep (H:\\致命代码\\fancy-gm-cp\\node_modules\\bluebird\\js\\release\\async.js:93:12)\n    at _drainQueue (H:\\致命代码\\fancy-gm-cp\\node_modules\\bluebird\\js\\release\\async.js:86:9)\n    at Async._drainQueues (H:\\致命代码\\fancy-gm-cp\\node_modules\\bluebird\\js\\release\\async.js:102:5)\n    at Immediate.Async.drainQueues [as _onImmediate] (H:\\致命代码\\fancy-gm-cp\\node_modules\\bluebird\\js\\release\\async.js:15:14)\n    at processImmediate (internal/timers.js:456:21)"},"serverIp":"当前服务器id","userIp":"::1","userId":null,"createTime":"2020-11-26 3:57:23 ├F10: PM┤","executionTime":0}
*************** log end ***************

[2020-11-26T15:57:23.682] [INFO] resLogger - 
*************** log start ***************
日志记录：{"resourceUrl":"","resourceDesc":"","requestType":"GET","requestParams":"{}","responseCode":"","responseMessage":"","responseDate":"请求异常，请求接口不存在 或 响应返回！！！","serverIp":"当前服务器id","userIp":"::1","userId":null,"createTime":"2020-11-26 3:57:23 ├F10: PM┤","executionTime":0}
*************** log end ***************

[2020-11-26T15:57:24.402] [INFO] resLogger - 
*************** log start ***************
日志记录：{"resourceUrl":"/api/server/findAll?channelNum=2000&versionId=1.3.1114.73755&platform=1&gameName=KOG%E6%B5%8B%E8%AF%95","resourceDesc":"","requestType":"GET","requestParams":"{\"channelNum\":\"2000\",\"versionId\":\"1.3.1114.73755\",\"platform\":\"1\",\"gameName\":\"KOG测试\"}","responseCode":500,"responseMessage":"operator does not exist: character varying = integer","responseDate":{"code":500,"message":"SequelizeDatabaseError: operator does not exist: character varying = integer\n    at Query.formatError (H:\\致命代码\\fancy-gm-cp\\node_modules\\sequelize\\lib\\dialects\\postgres\\query.js:366:16)\n    at H:\\致命代码\\fancy-gm-cp\\node_modules\\sequelize\\lib\\dialects\\postgres\\query.js:72:18\n    at tryCatcher (H:\\致命代码\\fancy-gm-cp\\node_modules\\bluebird\\js\\release\\util.js:16:23)\n    at Promise._settlePromiseFromHandler (H:\\致命代码\\fancy-gm-cp\\node_modules\\bluebird\\js\\release\\promise.js:547:31)\n    at Promise._settlePromise (H:\\致命代码\\fancy-gm-cp\\node_modules\\bluebird\\js\\release\\promise.js:604:18)\n    at Promise._settlePromise0 (H:\\致命代码\\fancy-gm-cp\\node_modules\\bluebird\\js\\release\\promise.js:649:10)\n    at Promise._settlePromises (H:\\致命代码\\fancy-gm-cp\\node_modules\\bluebird\\js\\release\\promise.js:725:18)\n    at _drainQueueStep (H:\\致命代码\\fancy-gm-cp\\node_modules\\bluebird\\js\\release\\async.js:93:12)\n    at _drainQueue (H:\\致命代码\\fancy-gm-cp\\node_modules\\bluebird\\js\\release\\async.js:86:9)\n    at Async._drainQueues (H:\\致命代码\\fancy-gm-cp\\node_modules\\bluebird\\js\\release\\async.js:102:5)\n    at Immediate.Async.drainQueues [as _onImmediate] (H:\\致命代码\\fancy-gm-cp\\node_modules\\bluebird\\js\\release\\async.js:15:14)\n    at processImmediate (internal/timers.js:456:21)"},"serverIp":"当前服务器id","userIp":"::1","userId":null,"createTime":"2020-11-26 3:57:24 ├F10: PM┤","executionTime":0}
*************** log end ***************

[2020-11-26T15:57:24.439] [INFO] resLogger - 
*************** log start ***************
日志记录：{"resourceUrl":"","resourceDesc":"","requestType":"GET","requestParams":"{}","responseCode":"","responseMessage":"","responseDate":"请求异常，请求接口不存在 或 响应返回！！！","serverIp":"当前服务器id","userIp":"::1","userId":null,"createTime":"2020-11-26 3:57:24 ├F10: PM┤","executionTime":0}
*************** log end ***************

[2020-11-26T15:58:38.852] [INFO] resLogger - 
*************** log start ***************
日志记录：{"resourceUrl":"/api/server/findAll?channelNum=2000&versionId=1.3.1114.73755&platform=1&gameName=KOG%E6%B5%8B%E8%AF%95","resourceDesc":"","requestType":"GET","requestParams":"{\"channelNum\":\"2000\",\"versionId\":\"1.3.1114.73755\",\"platform\":\"1\",\"gameName\":\"KOG测试\"}","responseCode":200,"responseMessage":"","responseDate":{"code":200,"message":"查找成功","data":[{"id":229,"status":1,"create_user_id":234,"update_user_id":null,"create_time":"2020-11-26T06:33:14.090Z","update_time":"2020-11-26T06:33:14.090Z","servername":"91测试服","ip_port":null,"address":"s99991.mrhx.hz.37.com.cn","plaform":["1","2"],"display":"1","srttime":"2020-11-26T06:35:00.000Z","gamename":"","pid":null,"serverid":"99991","test":"1","load":null,"gameid":13,"childrens":null,"port":"80","ip":"s99991.mrhx.hz.37.com.cn","channel":["内部测试服"],"serverTrue":true,"securityGroup":null,"clientshow":"1","stopshow":"0","stopmessage":null,"stopuser":null,"stopbecause":null,"channelnum":"2000","显示状态":"空闲","show_status":"1"}]},"serverIp":"当前服务器id","userIp":"::1","userId":null,"createTime":"2020-11-26 3:58:38 ├F10: PM┤","executionTime":0}
*************** log end ***************

[2020-11-26T15:58:38.928] [INFO] resLogger - 
*************** log start ***************
日志记录：{"resourceUrl":"","resourceDesc":"","requestType":"GET","requestParams":"{}","responseCode":"","responseMessage":"","responseDate":"请求异常，请求接口不存在 或 响应返回！！！","serverIp":"当前服务器id","userIp":"::1","userId":null,"createTime":"2020-11-26 3:58:38 ├F10: PM┤","executionTime":0}
*************** log end ***************

[2020-11-26T15:59:07.440] [INFO] resLogger - 
*************** log start ***************
日志记录：{"resourceUrl":"/api/server/findAll?channelNum=2000&versionId=1.3.1114.73755&platform=1&gameName=KOG%E6%B5%8B%E8%AF%95","resourceDesc":"","requestType":"GET","requestParams":"{\"channelNum\":\"2000\",\"versionId\":\"1.3.1114.73755\",\"platform\":\"1\",\"gameName\":\"KOG测试\"}","responseCode":200,"responseMessage":"","responseDate":{"code":200,"message":"查找成功","data":[{"id":229,"status":1,"create_user_id":234,"update_user_id":null,"create_time":"2020-11-26T06:33:14.090Z","update_time":"2020-11-26T06:33:14.090Z","servername":"91测试服","ip_port":null,"address":"s99991.mrhx.hz.37.com.cn","plaform":["1","2"],"display":"1","srttime":"2020-11-26T06:35:00.000Z","gamename":"","pid":null,"serverid":"99991","test":"1","load":null,"gameid":13,"childrens":null,"port":"80","ip":"s99991.mrhx.hz.37.com.cn","channel":["内部测试服"],"serverTrue":true,"securityGroup":null,"clientshow":"1","stopshow":"0","stopmessage":null,"stopuser":null,"stopbecause":null,"channelnum":"2000","显示状态":"空闲","show_status":"1"}]},"serverIp":"当前服务器id","userIp":"::1","userId":null,"createTime":"2020-11-26 3:59:07 ├F10: PM┤","executionTime":0}
*************** log end ***************

[2020-11-26T15:59:07.469] [INFO] resLogger - 
*************** log start ***************
日志记录：{"resourceUrl":"","resourceDesc":"","requestType":"GET","requestParams":"{}","responseCode":"","responseMessage":"","responseDate":"请求异常，请求接口不存在 或 响应返回！！！","serverIp":"当前服务器id","userIp":"::1","userId":null,"createTime":"2020-11-26 3:59:07 ├F10: PM┤","executionTime":0}
*************** log end ***************

[2020-11-26T15:59:07.900] [INFO] resLogger - 
*************** log start ***************
日志记录：{"resourceUrl":"/api/server/findAll?channelNum=2000&versionId=1.3.1114.73755&platform=1&gameName=KOG%E6%B5%8B%E8%AF%95","resourceDesc":"","requestType":"GET","requestParams":"{\"channelNum\":\"2000\",\"versionId\":\"1.3.1114.73755\",\"platform\":\"1\",\"gameName\":\"KOG测试\"}","responseCode":200,"responseMessage":"","responseDate":{"code":200,"message":"查找成功","data":[{"id":229,"status":1,"create_user_id":234,"update_user_id":null,"create_time":"2020-11-26T06:33:14.090Z","update_time":"2020-11-26T06:33:14.090Z","servername":"91测试服","ip_port":null,"address":"s99991.mrhx.hz.37.com.cn","plaform":["1","2"],"display":"1","srttime":"2020-11-26T06:35:00.000Z","gamename":"","pid":null,"serverid":"99991","test":"1","load":null,"gameid":13,"childrens":null,"port":"80","ip":"s99991.mrhx.hz.37.com.cn","channel":["内部测试服"],"serverTrue":true,"securityGroup":null,"clientshow":"1","stopshow":"0","stopmessage":null,"stopuser":null,"stopbecause":null,"channelnum":"2000","显示状态":"空闲","show_status":"1"}]},"serverIp":"当前服务器id","userIp":"::1","userId":null,"createTime":"2020-11-26 3:59:07 ├F10: PM┤","executionTime":0}
*************** log end ***************

[2020-11-26T15:59:07.930] [INFO] resLogger - 
*************** log start ***************
日志记录：{"resourceUrl":"","resourceDesc":"","requestType":"GET","requestParams":"{}","responseCode":"","responseMessage":"","responseDate":"请求异常，请求接口不存在 或 响应返回！！！","serverIp":"当前服务器id","userIp":"::1","userId":null,"createTime":"2020-11-26 3:59:07 ├F10: PM┤","executionTime":0}
*************** log end ***************

[2020-11-26T15:59:08.115] [INFO] resLogger - 
*************** log start ***************
日志记录：{"resourceUrl":"/api/server/findAll?channelNum=2000&versionId=1.3.1114.73755&platform=1&gameName=KOG%E6%B5%8B%E8%AF%95","resourceDesc":"","requestType":"GET","requestParams":"{\"channelNum\":\"2000\",\"versionId\":\"1.3.1114.73755\",\"platform\":\"1\",\"gameName\":\"KOG测试\"}","responseCode":200,"responseMessage":"","responseDate":{"code":200,"message":"查找成功","data":[{"id":229,"status":1,"create_user_id":234,"update_user_id":null,"create_time":"2020-11-26T06:33:14.090Z","update_time":"2020-11-26T06:33:14.090Z","servername":"91测试服","ip_port":null,"address":"s99991.mrhx.hz.37.com.cn","plaform":["1","2"],"display":"1","srttime":"2020-11-26T06:35:00.000Z","gamename":"","pid":null,"serverid":"99991","test":"1","load":null,"gameid":13,"childrens":null,"port":"80","ip":"s99991.mrhx.hz.37.com.cn","channel":["内部测试服"],"serverTrue":true,"securityGroup":null,"clientshow":"1","stopshow":"0","stopmessage":null,"stopuser":null,"stopbecause":null,"channelnum":"2000","显示状态":"空闲","show_status":"1"}]},"serverIp":"当前服务器id","userIp":"::1","userId":null,"createTime":"2020-11-26 3:59:08 ├F10: PM┤","executionTime":0}
*************** log end ***************

[2020-11-26T15:59:08.145] [INFO] resLogger - 
*************** log start ***************
日志记录：{"resourceUrl":"","resourceDesc":"","requestType":"GET","requestParams":"{}","responseCode":"","responseMessage":"","responseDate":"请求异常，请求接口不存在 或 响应返回！！！","serverIp":"当前服务器id","userIp":"::1","userId":null,"createTime":"2020-11-26 3:59:08 ├F10: PM┤","executionTime":0}
*************** log end ***************

[2020-11-26T15:59:08.275] [INFO] resLogger - 
*************** log start ***************
日志记录：{"resourceUrl":"/api/server/findAll?channelNum=2000&versionId=1.3.1114.73755&platform=1&gameName=KOG%E6%B5%8B%E8%AF%95","resourceDesc":"","requestType":"GET","requestParams":"{\"channelNum\":\"2000\",\"versionId\":\"1.3.1114.73755\",\"platform\":\"1\",\"gameName\":\"KOG测试\"}","responseCode":200,"responseMessage":"","responseDate":{"code":200,"message":"查找成功","data":[{"id":229,"status":1,"create_user_id":234,"update_user_id":null,"create_time":"2020-11-26T06:33:14.090Z","update_time":"2020-11-26T06:33:14.090Z","servername":"91测试服","ip_port":null,"address":"s99991.mrhx.hz.37.com.cn","plaform":["1","2"],"display":"1","srttime":"2020-11-26T06:35:00.000Z","gamename":"","pid":null,"serverid":"99991","test":"1","load":null,"gameid":13,"childrens":null,"port":"80","ip":"s99991.mrhx.hz.37.com.cn","channel":["内部测试服"],"serverTrue":true,"securityGroup":null,"clientshow":"1","stopshow":"0","stopmessage":null,"stopuser":null,"stopbecause":null,"channelnum":"2000","显示状态":"空闲","show_status":"1"}]},"serverIp":"当前服务器id","userIp":"::1","userId":null,"createTime":"2020-11-26 3:59:08 ├F10: PM┤","executionTime":0}
*************** log end ***************

[2020-11-26T15:59:08.304] [INFO] resLogger - 
*************** log start ***************
日志记录：{"resourceUrl":"","resourceDesc":"","requestType":"GET","requestParams":"{}","responseCode":"","responseMessage":"","responseDate":"请求异常，请求接口不存在 或 响应返回！！！","serverIp":"当前服务器id","userIp":"::1","userId":null,"createTime":"2020-11-26 3:59:08 ├F10: PM┤","executionTime":0}
*************** log end ***************

[2020-11-26T15:59:33.268] [INFO] resLogger - 
*************** log start ***************
日志记录：{"resourceUrl":"","resourceDesc":"","requestType":"GET","requestParams":"{}","responseCode":"","responseMessage":"","responseDate":"请求异常，请求接口不存在 或 响应返回！！！","serverIp":"当前服务器id","userIp":"::1","userId":null,"createTime":"2020-11-26 3:59:33 ├F10: PM┤","executionTime":0}
*************** log end ***************

[2020-11-26T15:59:34.094] [INFO] resLogger - 
*************** log start ***************
日志记录：{"resourceUrl":"/api/server/findAll?channelNum=2000&versionId=1.3.1114.73755&platform=1&gameName=KOG%E6%B5%8B%E8%AF%95","resourceDesc":"","requestType":"GET","requestParams":"{\"channelNum\":\"2000\",\"versionId\":\"1.3.1114.73755\",\"platform\":\"1\",\"gameName\":\"KOG测试\"}","responseCode":200,"responseMessage":"","responseDate":{"code":200,"message":"查找成功","data":[{"id":229,"status":1,"create_user_id":234,"update_user_id":null,"create_time":"2020-11-26T06:33:14.090Z","update_time":"2020-11-26T06:33:14.090Z","servername":"91测试服","ip_port":null,"address":"s99991.mrhx.hz.37.com.cn","plaform":["1","2"],"display":"1","srttime":"2020-11-26T06:35:00.000Z","gamename":"","pid":null,"serverid":"99991","test":"1","load":null,"gameid":13,"childrens":null,"port":"80","ip":"s99991.mrhx.hz.37.com.cn","channel":["内部测试服"],"serverTrue":true,"securityGroup":null,"clientshow":"1","stopshow":"0","stopmessage":null,"stopuser":null,"stopbecause":null,"channelnum":"2000","显示状态":"空闲","show_status":"1"}]},"serverIp":"当前服务器id","userIp":"::1","userId":null,"createTime":"2020-11-26 3:59:34 ├F10: PM┤","executionTime":0}
*************** log end ***************

[2020-11-26T15:59:34.134] [INFO] resLogger - 
*************** log start ***************
日志记录：{"resourceUrl":"","resourceDesc":"","requestType":"GET","requestParams":"{}","responseCode":"","responseMessage":"","responseDate":"请求异常，请求接口不存在 或 响应返回！！！","serverIp":"当前服务器id","userIp":"::1","userId":null,"createTime":"2020-11-26 3:59:34 ├F10: PM┤","executionTime":0}
*************** log end ***************

[2020-11-26T15:59:34.711] [INFO] resLogger - 
*************** log start ***************
日志记录：{"resourceUrl":"/api/server/findAll?channelNum=2000&versionId=1.3.1114.73755&platform=1&gameName=KOG%E6%B5%8B%E8%AF%95","resourceDesc":"","requestType":"GET","requestParams":"{\"channelNum\":\"2000\",\"versionId\":\"1.3.1114.73755\",\"platform\":\"1\",\"gameName\":\"KOG测试\"}","responseCode":200,"responseMessage":"","responseDate":{"code":200,"message":"查找成功","data":[{"id":229,"status":1,"create_user_id":234,"update_user_id":null,"create_time":"2020-11-26T06:33:14.090Z","update_time":"2020-11-26T06:33:14.090Z","servername":"91测试服","ip_port":null,"address":"s99991.mrhx.hz.37.com.cn","plaform":["1","2"],"display":"1","srttime":"2020-11-26T06:35:00.000Z","gamename":"","pid":null,"serverid":"99991","test":"1","load":null,"gameid":13,"childrens":null,"port":"80","ip":"s99991.mrhx.hz.37.com.cn","channel":["内部测试服"],"serverTrue":true,"securityGroup":null,"clientshow":"1","stopshow":"0","stopmessage":null,"stopuser":null,"stopbecause":null,"channelnum":"2000","显示状态":"空闲","show_status":"1"}]},"serverIp":"当前服务器id","userIp":"::1","userId":null,"createTime":"2020-11-26 3:59:34 ├F10: PM┤","executionTime":0}
*************** log end ***************

[2020-11-26T15:59:34.846] [INFO] resLogger - 
*************** log start ***************
日志记录：{"resourceUrl":"/api/server/findAll?channelNum=2000&versionId=1.3.1114.73755&platform=1&gameName=KOG%E6%B5%8B%E8%AF%95","resourceDesc":"","requestType":"GET","requestParams":"{\"channelNum\":\"2000\",\"versionId\":\"1.3.1114.73755\",\"platform\":\"1\",\"gameName\":\"KOG测试\"}","responseCode":200,"responseMessage":"","responseDate":{"code":200,"message":"查找成功","data":[{"id":229,"status":1,"create_user_id":234,"update_user_id":null,"create_time":"2020-11-26T06:33:14.090Z","update_time":"2020-11-26T06:33:14.090Z","servername":"91测试服","ip_port":null,"address":"s99991.mrhx.hz.37.com.cn","plaform":["1","2"],"display":"1","srttime":"2020-11-26T06:35:00.000Z","gamename":"","pid":null,"serverid":"99991","test":"1","load":null,"gameid":13,"childrens":null,"port":"80","ip":"s99991.mrhx.hz.37.com.cn","channel":["内部测试服"],"serverTrue":true,"securityGroup":null,"clientshow":"1","stopshow":"0","stopmessage":null,"stopuser":null,"stopbecause":null,"channelnum":"2000","显示状态":"空闲","show_status":"1"}]},"serverIp":"当前服务器id","userIp":"::1","userId":null,"createTime":"2020-11-26 3:59:34 ├F10: PM┤","executionTime":0}
*************** log end ***************

[2020-11-26T15:59:34.880] [INFO] resLogger - 
*************** log start ***************
日志记录：{"resourceUrl":"","resourceDesc":"","requestType":"GET","requestParams":"{}","responseCode":"","responseMessage":"","responseDate":"请求异常，请求接口不存在 或 响应返回！！！","serverIp":"当前服务器id","userIp":"::1","userId":null,"createTime":"2020-11-26 3:59:34 ├F10: PM┤","executionTime":0}
*************** log end ***************

[2020-11-26T15:59:34.900] [INFO] resLogger - 
*************** log start ***************
日志记录：{"resourceUrl":"/api/server/findAll?channelNum=2000&versionId=1.3.1114.73755&platform=1&gameName=KOG%E6%B5%8B%E8%AF%95","resourceDesc":"","requestType":"GET","requestParams":"{\"channelNum\":\"2000\",\"versionId\":\"1.3.1114.73755\",\"platform\":\"1\",\"gameName\":\"KOG测试\"}","responseCode":200,"responseMessage":"","responseDate":{"code":200,"message":"查找成功","data":[{"id":229,"status":1,"create_user_id":234,"update_user_id":null,"create_time":"2020-11-26T06:33:14.090Z","update_time":"2020-11-26T06:33:14.090Z","servername":"91测试服","ip_port":null,"address":"s99991.mrhx.hz.37.com.cn","plaform":["1","2"],"display":"1","srttime":"2020-11-26T06:35:00.000Z","gamename":"","pid":null,"serverid":"99991","test":"1","load":null,"gameid":13,"childrens":null,"port":"80","ip":"s99991.mrhx.hz.37.com.cn","channel":["内部测试服"],"serverTrue":true,"securityGroup":null,"clientshow":"1","stopshow":"0","stopmessage":null,"stopuser":null,"stopbecause":null,"channelnum":"2000","显示状态":"空闲","show_status":"1"}]},"serverIp":"当前服务器id","userIp":"::1","userId":null,"createTime":"2020-11-26 3:59:34 ├F10: PM┤","executionTime":0}
*************** log end ***************

