[2020-11-17T19:52:38.204] [INFO] resLogger - 
*************** log start ***************
日志记录：{"resourceUrl":"","resourceDesc":"","requestType":"GET","requestParams":"{}","responseCode":"","responseMessage":"","responseDate":"请求异常，请求接口不存在 或 响应返回！！！","serverIp":"当前服务器id","userIp":"::1","userId":null,"createTime":"2020-11-17 7:52:38 ├F10: PM┤","executionTime":0}
*************** log end ***************

[2020-11-17T19:52:38.460] [INFO] resLogger - 
*************** log start ***************
日志记录：{"resourceUrl":"","resourceDesc":"","requestType":"GET","requestParams":"{}","responseCode":"","responseMessage":"","responseDate":"请求异常，请求接口不存在 或 响应返回！！！","serverIp":"当前服务器id","userIp":"::1","userId":null,"createTime":"2020-11-17 7:52:38 ├F10: PM┤","executionTime":0}
*************** log end ***************

[2020-11-17T19:52:40.882] [INFO] resLogger - 
*************** log start ***************
日志记录：{"resourceUrl":"","resourceDesc":"","requestType":"GET","requestParams":"{}","responseCode":"","responseMessage":"","responseDate":"请求异常，请求接口不存在 或 响应返回！！！","serverIp":"当前服务器id","userIp":"::1","userId":null,"createTime":"2020-11-17 7:52:40 ├F10: PM┤","executionTime":0}
*************** log end ***************

[2020-11-17T19:52:40.992] [INFO] resLogger - 
*************** log start ***************
日志记录：{"resourceUrl":"","resourceDesc":"","requestType":"GET","requestParams":"{}","responseCode":"","responseMessage":"","responseDate":"请求异常，请求接口不存在 或 响应返回！！！","serverIp":"当前服务器id","userIp":"::1","userId":null,"createTime":"2020-11-17 7:52:40 ├F10: PM┤","executionTime":0}
*************** log end ***************

[2020-11-17T19:53:07.184] [INFO] resLogger - 
*************** log start ***************
日志记录：{"resourceUrl":"","resourceDesc":"","requestType":"GET","requestParams":"{}","responseCode":"","responseMessage":"","responseDate":"请求异常，请求接口不存在 或 响应返回！！！","serverIp":"当前服务器id","userIp":"::1","userId":null,"createTime":"2020-11-17 7:53:07 ├F10: PM┤","executionTime":0}
*************** log end ***************

[2020-11-17T19:53:07.290] [INFO] resLogger - 
*************** log start ***************
日志记录：{"resourceUrl":"","resourceDesc":"","requestType":"GET","requestParams":"{}","responseCode":"","responseMessage":"","responseDate":"请求异常，请求接口不存在 或 响应返回！！！","serverIp":"当前服务器id","userIp":"::1","userId":null,"createTime":"2020-11-17 7:53:07 ├F10: PM┤","executionTime":0}
*************** log end ***************

[2020-11-17T19:53:37.700] [INFO] resLogger - 
*************** log start ***************
日志记录：{"resourceUrl":"","resourceDesc":"","requestType":"GET","requestParams":"{}","responseCode":"","responseMessage":"","responseDate":"请求异常，请求接口不存在 或 响应返回！！！","serverIp":"当前服务器id","userIp":"::1","userId":null,"createTime":"2020-11-17 7:53:37 ├F10: PM┤","executionTime":0}
*************** log end ***************

[2020-11-17T19:53:37.765] [INFO] resLogger - 
*************** log start ***************
日志记录：{"resourceUrl":"","resourceDesc":"","requestType":"GET","requestParams":"{}","responseCode":"","responseMessage":"","responseDate":"请求异常，请求接口不存在 或 响应返回！！！","serverIp":"当前服务器id","userIp":"::1","userId":null,"createTime":"2020-11-17 7:53:37 ├F10: PM┤","executionTime":0}
*************** log end ***************

[2020-11-17T19:53:57.613] [INFO] resLogger - 
*************** log start ***************
日志记录：{"resourceUrl":"","resourceDesc":"","requestType":"GET","requestParams":"{}","responseCode":"","responseMessage":"","responseDate":"请求异常，请求接口不存在 或 响应返回！！！","serverIp":"当前服务器id","userIp":"::1","userId":null,"createTime":"2020-11-17 7:53:57 ├F10: PM┤","executionTime":0}
*************** log end ***************

[2020-11-17T19:53:57.724] [INFO] resLogger - 
*************** log start ***************
日志记录：{"resourceUrl":"","resourceDesc":"","requestType":"GET","requestParams":"{}","responseCode":"","responseMessage":"","responseDate":"请求异常，请求接口不存在 或 响应返回！！！","serverIp":"当前服务器id","userIp":"::1","userId":null,"createTime":"2020-11-17 7:53:57 ├F10: PM┤","executionTime":0}
*************** log end ***************

[2020-11-17T19:53:59.455] [INFO] resLogger - 
*************** log start ***************
日志记录：{"resourceUrl":"","resourceDesc":"","requestType":"GET","requestParams":"{}","responseCode":"","responseMessage":"","responseDate":"请求异常，请求接口不存在 或 响应返回！！！","serverIp":"当前服务器id","userIp":"::1","userId":null,"createTime":"2020-11-17 7:53:59 ├F10: PM┤","executionTime":0}
*************** log end ***************

[2020-11-17T19:53:59.529] [INFO] resLogger - 
*************** log start ***************
日志记录：{"resourceUrl":"","resourceDesc":"","requestType":"GET","requestParams":"{}","responseCode":"","responseMessage":"","responseDate":"请求异常，请求接口不存在 或 响应返回！！！","serverIp":"当前服务器id","userIp":"::1","userId":null,"createTime":"2020-11-17 7:53:59 ├F10: PM┤","executionTime":0}
*************** log end ***************

[2020-11-17T19:54:04.935] [INFO] resLogger - 
*************** log start ***************
日志记录：{"resourceUrl":"","resourceDesc":"","requestType":"GET","requestParams":"{\"id\":\"1\"}","responseCode":"","responseMessage":"","responseDate":"请求异常，请求接口不存在 或 响应返回！！！","serverIp":"当前服务器id","userIp":"::1","userId":null,"createTime":"2020-11-17 7:54:04 ├F10: PM┤","executionTime":0}
*************** log end ***************

[2020-11-17T19:54:05.033] [INFO] resLogger - 
*************** log start ***************
日志记录：{"resourceUrl":"","resourceDesc":"","requestType":"GET","requestParams":"{}","responseCode":"","responseMessage":"","responseDate":"请求异常，请求接口不存在 或 响应返回！！！","serverIp":"当前服务器id","userIp":"::1","userId":null,"createTime":"2020-11-17 7:54:05 ├F10: PM┤","executionTime":0}
*************** log end ***************

[2020-11-17T19:54:08.582] [INFO] resLogger - 
*************** log start ***************
日志记录：{"resourceUrl":"","resourceDesc":"","requestType":"GET","requestParams":"{}","responseCode":"","responseMessage":"","responseDate":"请求异常，请求接口不存在 或 响应返回！！！","serverIp":"当前服务器id","userIp":"::1","userId":null,"createTime":"2020-11-17 7:54:08 ├F10: PM┤","executionTime":0}
*************** log end ***************

[2020-11-17T19:54:08.659] [INFO] resLogger - 
*************** log start ***************
日志记录：{"resourceUrl":"","resourceDesc":"","requestType":"GET","requestParams":"{}","responseCode":"","responseMessage":"","responseDate":"请求异常，请求接口不存在 或 响应返回！！！","serverIp":"当前服务器id","userIp":"::1","userId":null,"createTime":"2020-11-17 7:54:08 ├F10: PM┤","executionTime":0}
*************** log end ***************

[2020-11-17T19:54:19.534] [INFO] resLogger - 
*************** log start ***************
日志记录：{"resourceUrl":"","resourceDesc":"","requestType":"GET","requestParams":"{}","responseCode":"","responseMessage":"","responseDate":"请求异常，请求接口不存在 或 响应返回！！！","serverIp":"当前服务器id","userIp":"::1","userId":null,"createTime":"2020-11-17 7:54:19 ├F10: PM┤","executionTime":0}
*************** log end ***************

[2020-11-17T19:54:19.638] [INFO] resLogger - 
*************** log start ***************
日志记录：{"resourceUrl":"","resourceDesc":"","requestType":"GET","requestParams":"{}","responseCode":"","responseMessage":"","responseDate":"请求异常，请求接口不存在 或 响应返回！！！","serverIp":"当前服务器id","userIp":"::1","userId":null,"createTime":"2020-11-17 7:54:19 ├F10: PM┤","executionTime":0}
*************** log end ***************

[2020-11-17T19:54:37.442] [INFO] resLogger - 
*************** log start ***************
日志记录：{"resourceUrl":"","resourceDesc":"","requestType":"GET","requestParams":"{}","responseCode":"","responseMessage":"","responseDate":"请求异常，请求接口不存在 或 响应返回！！！","serverIp":"当前服务器id","userIp":"::1","userId":null,"createTime":"2020-11-17 7:54:37 ├F10: PM┤","executionTime":0}
*************** log end ***************

[2020-11-17T19:54:37.507] [INFO] resLogger - 
*************** log start ***************
日志记录：{"resourceUrl":"","resourceDesc":"","requestType":"GET","requestParams":"{}","responseCode":"","responseMessage":"","responseDate":"请求异常，请求接口不存在 或 响应返回！！！","serverIp":"当前服务器id","userIp":"::1","userId":null,"createTime":"2020-11-17 7:54:37 ├F10: PM┤","executionTime":0}
*************** log end ***************

[2020-11-17T19:54:38.636] [INFO] resLogger - 
*************** log start ***************
日志记录：{"resourceUrl":"","resourceDesc":"","requestType":"GET","requestParams":"{}","responseCode":"","responseMessage":"","responseDate":"请求异常，请求接口不存在 或 响应返回！！！","serverIp":"当前服务器id","userIp":"::1","userId":null,"createTime":"2020-11-17 7:54:38 ├F10: PM┤","executionTime":0}
*************** log end ***************

[2020-11-17T19:54:38.684] [INFO] resLogger - 
*************** log start ***************
日志记录：{"resourceUrl":"","resourceDesc":"","requestType":"GET","requestParams":"{}","responseCode":"","responseMessage":"","responseDate":"请求异常，请求接口不存在 或 响应返回！！！","serverIp":"当前服务器id","userIp":"::1","userId":null,"createTime":"2020-11-17 7:54:38 ├F10: PM┤","executionTime":0}
*************** log end ***************

[2020-11-17T19:54:45.270] [INFO] resLogger - 
*************** log start ***************
日志记录：{"resourceUrl":"","resourceDesc":"","requestType":"GET","requestParams":"{}","responseCode":"","responseMessage":"","responseDate":"请求异常，请求接口不存在 或 响应返回！！！","serverIp":"当前服务器id","userIp":"::1","userId":null,"createTime":"2020-11-17 7:54:45 ├F10: PM┤","executionTime":0}
*************** log end ***************

[2020-11-17T19:54:45.338] [INFO] resLogger - 
*************** log start ***************
日志记录：{"resourceUrl":"","resourceDesc":"","requestType":"GET","requestParams":"{}","responseCode":"","responseMessage":"","responseDate":"请求异常，请求接口不存在 或 响应返回！！！","serverIp":"当前服务器id","userIp":"::1","userId":null,"createTime":"2020-11-17 7:54:45 ├F10: PM┤","executionTime":0}
*************** log end ***************

[2020-11-17T19:54:51.886] [INFO] resLogger - 
*************** log start ***************
日志记录：{"resourceUrl":"/api/char/BannedAskCancel","resourceDesc":"","requestType":"GET","requestParams":"{}","responseCode":500,"responseMessage":"","responseDate":{"code":500,"message":"Cannot read property 'map' of undefined"},"serverIp":"当前服务器id","userIp":"::1","userId":null,"createTime":"2020-11-17 7:54:51 ├F10: PM┤","executionTime":0}
*************** log end ***************

[2020-11-17T19:54:52.019] [INFO] resLogger - 
*************** log start ***************
日志记录：{"resourceUrl":"","resourceDesc":"","requestType":"GET","requestParams":"{}","responseCode":"","responseMessage":"","responseDate":"请求异常，请求接口不存在 或 响应返回！！！","serverIp":"当前服务器id","userIp":"::1","userId":null,"createTime":"2020-11-17 7:54:52 ├F10: PM┤","executionTime":0}
*************** log end ***************

[2020-11-17T19:54:54.245] [INFO] resLogger - 
*************** log start ***************
日志记录：{"resourceUrl":"/api/char/BannedAskCancel","resourceDesc":"","requestType":"GET","requestParams":"{}","responseCode":500,"responseMessage":"","responseDate":{"code":500,"message":"Cannot read property 'map' of undefined"},"serverIp":"当前服务器id","userIp":"::1","userId":null,"createTime":"2020-11-17 7:54:54 ├F10: PM┤","executionTime":0}
*************** log end ***************

[2020-11-17T19:54:54.323] [INFO] resLogger - 
*************** log start ***************
日志记录：{"resourceUrl":"","resourceDesc":"","requestType":"GET","requestParams":"{}","responseCode":"","responseMessage":"","responseDate":"请求异常，请求接口不存在 或 响应返回！！！","serverIp":"当前服务器id","userIp":"::1","userId":null,"createTime":"2020-11-17 7:54:54 ├F10: PM┤","executionTime":0}
*************** log end ***************

[2020-11-17T21:09:26.473] [INFO] resLogger - 
*************** log start ***************
日志记录：{"resourceUrl":"/api/char/BannedAskCancel","resourceDesc":"","requestType":"GET","requestParams":"{}","responseCode":500,"responseMessage":"","responseDate":{"code":500,"message":"Cannot read property 'map' of undefined"},"serverIp":"当前服务器id","userIp":"::1","userId":null,"createTime":"2020-11-17 9:09:26 ├F10: PM┤","executionTime":0}
*************** log end ***************

[2020-11-17T21:09:26.607] [INFO] resLogger - 
*************** log start ***************
日志记录：{"resourceUrl":"","resourceDesc":"","requestType":"GET","requestParams":"{}","responseCode":"","responseMessage":"","responseDate":"请求异常，请求接口不存在 或 响应返回！！！","serverIp":"当前服务器id","userIp":"::1","userId":null,"createTime":"2020-11-17 9:09:26 ├F10: PM┤","executionTime":0}
*************** log end ***************

[2020-11-17T21:09:29.341] [INFO] resLogger - 
*************** log start ***************
日志记录：{"resourceUrl":"/api/char/BannedAskCancel","resourceDesc":"","requestType":"GET","requestParams":"{}","responseCode":500,"responseMessage":"","responseDate":{"code":500,"message":"Cannot read property 'map' of undefined"},"serverIp":"当前服务器id","userIp":"::1","userId":null,"createTime":"2020-11-17 9:09:29 ├F10: PM┤","executionTime":0}
*************** log end ***************

[2020-11-17T21:09:29.410] [INFO] resLogger - 
*************** log start ***************
日志记录：{"resourceUrl":"","resourceDesc":"","requestType":"GET","requestParams":"{}","responseCode":"","responseMessage":"","responseDate":"请求异常，请求接口不存在 或 响应返回！！！","serverIp":"当前服务器id","userIp":"::1","userId":null,"createTime":"2020-11-17 9:09:29 ├F10: PM┤","executionTime":0}
*************** log end ***************

[2020-11-17T21:09:30.125] [INFO] resLogger - 
*************** log start ***************
日志记录：{"resourceUrl":"/api/char/BannedAskCancel","resourceDesc":"","requestType":"GET","requestParams":"{}","responseCode":500,"responseMessage":"","responseDate":{"code":500,"message":"Cannot read property 'map' of undefined"},"serverIp":"当前服务器id","userIp":"::1","userId":null,"createTime":"2020-11-17 9:09:30 ├F10: PM┤","executionTime":0}
*************** log end ***************

[2020-11-17T21:09:30.183] [INFO] resLogger - 
*************** log start ***************
日志记录：{"resourceUrl":"","resourceDesc":"","requestType":"GET","requestParams":"{}","responseCode":"","responseMessage":"","responseDate":"请求异常，请求接口不存在 或 响应返回！！！","serverIp":"当前服务器id","userIp":"::1","userId":null,"createTime":"2020-11-17 9:09:30 ├F10: PM┤","executionTime":0}
*************** log end ***************

[2020-11-17T21:09:30.334] [INFO] resLogger - 
*************** log start ***************
日志记录：{"resourceUrl":"/api/char/BannedAskCancel","resourceDesc":"","requestType":"GET","requestParams":"{}","responseCode":500,"responseMessage":"","responseDate":{"code":500,"message":"Cannot read property 'map' of undefined"},"serverIp":"当前服务器id","userIp":"::1","userId":null,"createTime":"2020-11-17 9:09:30 ├F10: PM┤","executionTime":0}
*************** log end ***************

[2020-11-17T21:09:30.418] [INFO] resLogger - 
*************** log start ***************
日志记录：{"resourceUrl":"","resourceDesc":"","requestType":"GET","requestParams":"{}","responseCode":"","responseMessage":"","responseDate":"请求异常，请求接口不存在 或 响应返回！！！","serverIp":"当前服务器id","userIp":"::1","userId":null,"createTime":"2020-11-17 9:09:30 ├F10: PM┤","executionTime":0}
*************** log end ***************

[2020-11-17T21:09:31.892] [INFO] resLogger - 
*************** log start ***************
日志记录：{"resourceUrl":"/api/char/BannedAskCancel","resourceDesc":"","requestType":"GET","requestParams":"{}","responseCode":500,"responseMessage":"","responseDate":{"code":500,"message":"Cannot read property 'map' of undefined"},"serverIp":"当前服务器id","userIp":"::1","userId":null,"createTime":"2020-11-17 9:09:31 ├F10: PM┤","executionTime":0}
*************** log end ***************

[2020-11-17T21:09:32.023] [INFO] resLogger - 
*************** log start ***************
日志记录：{"resourceUrl":"","resourceDesc":"","requestType":"GET","requestParams":"{}","responseCode":"","responseMessage":"","responseDate":"请求异常，请求接口不存在 或 响应返回！！！","serverIp":"当前服务器id","userIp":"::1","userId":null,"createTime":"2020-11-17 9:09:32 ├F10: PM┤","executionTime":0}
*************** log end ***************

[2020-11-17T21:09:32.524] [INFO] resLogger - 
*************** log start ***************
日志记录：{"resourceUrl":"/api/char/BannedAskCancel","resourceDesc":"","requestType":"GET","requestParams":"{}","responseCode":500,"responseMessage":"","responseDate":{"code":500,"message":"Cannot read property 'map' of undefined"},"serverIp":"当前服务器id","userIp":"::1","userId":null,"createTime":"2020-11-17 9:09:32 ├F10: PM┤","executionTime":0}
*************** log end ***************

[2020-11-17T21:09:32.579] [INFO] resLogger - 
*************** log start ***************
日志记录：{"resourceUrl":"","resourceDesc":"","requestType":"GET","requestParams":"{}","responseCode":"","responseMessage":"","responseDate":"请求异常，请求接口不存在 或 响应返回！！！","serverIp":"当前服务器id","userIp":"::1","userId":null,"createTime":"2020-11-17 9:09:32 ├F10: PM┤","executionTime":0}
*************** log end ***************

[2020-11-17T21:09:33.051] [INFO] resLogger - 
*************** log start ***************
日志记录：{"resourceUrl":"/api/char/BannedAskCancel","resourceDesc":"","requestType":"GET","requestParams":"{}","responseCode":500,"responseMessage":"","responseDate":{"code":500,"message":"Cannot read property 'map' of undefined"},"serverIp":"当前服务器id","userIp":"::1","userId":null,"createTime":"2020-11-17 9:09:33 ├F10: PM┤","executionTime":0}
*************** log end ***************

[2020-11-17T21:09:33.121] [INFO] resLogger - 
*************** log start ***************
日志记录：{"resourceUrl":"","resourceDesc":"","requestType":"GET","requestParams":"{}","responseCode":"","responseMessage":"","responseDate":"请求异常，请求接口不存在 或 响应返回！！！","serverIp":"当前服务器id","userIp":"::1","userId":null,"createTime":"2020-11-17 9:09:33 ├F10: PM┤","executionTime":0}
*************** log end ***************

